[2019-01-09 14:04:56,419] ERROR {org.ballerinalang.net.http.BallerinaHTTPConnectorListener} - Error in HTTP server connector: Remote client closed the connection before initiating inbound request  
[2019-01-09 14:05:13,782] WARN  {org.wso2.transport.http.netty.contractimpl.common.states.StateUtil} - Remote client closed the connection while reading inbound request entity body  
[2019-01-09 14:07:58,153] ERROR {org.ballerinalang.net.http.BallerinaHTTPConnectorListener} - Error in HTTP server connector: Remote client closed the connection before initiating inbound request  
[2019-01-09 14:31:50,836] ERROR {org.ballerinalang.net.http.BallerinaHTTPConnectorListener} - Error in HTTP server connector: Remote client closed the connection before initiating inbound request  
[2019-01-09 14:44:37,420] ERROR {org.ballerinalang.net.http.BallerinaHTTPConnectorListener} - Error in HTTP server connector: Remote client closed the connection before initiating inbound request  
[2019-01-09 14:46:07,073] ERROR {org.ballerinalang.net.http.BallerinaHTTPConnectorListener} - Error in HTTP server connector: Remote client closed the connection before initiating inbound request  
[2019-01-09 15:07:37,157] ERROR {org.ballerinalang.net.http.BallerinaHTTPConnectorListener} - Error in HTTP server connector: Remote client closed the connection before initiating inbound request  
[2019-01-09 15:19:18,322] ERROR {org.ballerinalang.net.http.BallerinaHTTPConnectorListener} - Error in HTTP server connector: Remote client closed the connection before initiating inbound request  
[2019-01-09 15:22:56,841] ERROR {org.ballerinalang.net.http.BallerinaHTTPConnectorListener} - Error in HTTP server connector: Remote client closed the connection before initiating inbound request  
[2019-01-09 15:26:03,289] ERROR {org.ballerinalang.net.http.BallerinaHTTPConnectorListener} - Error in HTTP server connector: Remote client closed the connection before initiating inbound request  
[2019-01-09 15:31:05,103] ERROR {org.ballerinalang.net.http.BallerinaHTTPConnectorListener} - Error in HTTP server connector: Remote client closed the connection before initiating inbound request  
[2019-01-09 16:26:49,159] ERROR {org.ballerinalang.net.http.BallerinaHTTPConnectorListener} - Error in HTTP server connector: Remote client closed the connection before initiating inbound request  
[2019-01-09 16:29:46,135] ERROR {org.ballerinalang.net.http.BallerinaHTTPConnectorListener} - Error in HTTP server connector: Remote client closed the connection before initiating inbound request  
[2019-01-09 16:30:40,371] ERROR {org.ballerinalang.net.http.BallerinaHTTPConnectorListener} - Error in HTTP server connector: Remote client closed the connection before initiating inbound request  
[2019-01-09 16:32:39,140] ERROR {org.ballerinalang.net.http.BallerinaHTTPConnectorListener} - Error in HTTP server connector: Remote client closed the connection before initiating inbound request  
[2019-01-09 16:34:16,460] ERROR {org.ballerinalang.net.http.BallerinaHTTPConnectorListener} - Error in HTTP server connector: Remote client closed the connection before initiating inbound request  
[2019-01-09 16:35:03,379] ERROR {org.ballerinalang.net.http.BallerinaHTTPConnectorListener} - Error in HTTP server connector: Remote client closed the connection before initiating inbound request  
[2019-01-09 16:37:09,060] ERROR {org.ballerinalang.net.http.BallerinaHTTPConnectorListener} - Error in HTTP server connector: Remote client closed the connection before initiating inbound request  
[2019-01-09 16:41:40,414] ERROR {org.ballerinalang.net.http.BallerinaHTTPConnectorListener} - Error in HTTP server connector: Remote client closed the connection before initiating inbound request  
[2019-01-09 16:43:32,139] ERROR {org.ballerinalang.net.http.BallerinaHTTPConnectorListener} - Error in HTTP server connector: Remote client closed the connection before initiating inbound request  
[2019-01-09 16:45:31,457] ERROR {org.ballerinalang.net.http.BallerinaHTTPConnectorListener} - Error in HTTP server connector: Remote client closed the connection before initiating inbound request  
[2019-01-09 16:48:54,757] ERROR {org.ballerinalang.net.http.BallerinaHTTPConnectorListener} - Error in HTTP server connector: Remote client closed the connection before initiating inbound request  
[2019-01-09 16:56:18,199] ERROR {org.ballerinalang.net.http.BallerinaHTTPConnectorListener} - Error in HTTP server connector: Remote client closed the connection before initiating inbound request  
[2019-01-09 16:58:05,078] ERROR {org.ballerinalang.net.http.BallerinaHTTPConnectorListener} - Error in HTTP server connector: Remote client closed the connection before initiating inbound request  
[2019-01-09 16:59:02,994] ERROR {org.ballerinalang.net.http.BallerinaHTTPConnectorListener} - Error in HTTP server connector: Remote client closed the connection before initiating inbound request  
[2019-01-09 17:03:37,000] ERROR {org.ballerinalang.net.http.BallerinaHTTPConnectorListener} - Error in HTTP server connector: Remote client closed the connection before initiating inbound request  
[2019-01-09 17:03:51,089] ERROR {org.ballerinalang.net.http.HttpUtil} - NullReferenceException  
[2019-01-09 17:05:17,452] ERROR {org.ballerinalang.net.http.BallerinaHTTPConnectorListener} - Error in HTTP server connector: Remote client closed the connection before initiating inbound request  
[2019-01-09 17:05:17,625] ERROR {org.ballerinalang.net.http.HttpUtil} - NullReferenceException  
[2019-01-09 17:10:59,727] ERROR {org.ballerinalang.net.http.BallerinaHTTPConnectorListener} - Error in HTTP server connector: Remote client closed the connection before initiating inbound request  
[2019-01-09 17:15:40,343] ERROR {org.ballerinalang.net.http.BallerinaHTTPConnectorListener} - Error in HTTP server connector: Remote client closed the connection before initiating inbound request  
[2019-01-09 17:16:09,952] ERROR {org.ballerinalang.net.http.BallerinaHTTPConnectorListener} - Error in HTTP server connector: Remote client closed the connection before initiating inbound request  
[2019-01-09 17:20:27,429] ERROR {org.ballerinalang.net.http.BallerinaHTTPConnectorListener} - Error in HTTP server connector: Remote client closed the connection before initiating inbound request  
[2019-01-09 17:42:10,635] ERROR {org.ballerinalang.net.http.BallerinaHTTPConnectorListener} - Error in HTTP server connector: Remote client closed the connection before initiating inbound request  
[2019-01-09 23:24:02,021] ERROR {org.ballerinalang.net.http.BallerinaHTTPConnectorListener} - Error in HTTP server connector: Remote client closed the connection before initiating inbound request  
[2019-01-09 23:25:10,731] ERROR {org.ballerinalang.net.http.BallerinaHTTPConnectorListener} - Error in HTTP server connector: Remote client closed the connection before initiating inbound request  
[2019-01-09 23:26:01,400] ERROR {org.ballerinalang.net.http.BallerinaHTTPConnectorListener} - Error in HTTP server connector: Remote client closed the connection before initiating inbound request  
[2019-01-09 23:29:36,257] ERROR {org.ballerinalang.net.http.BallerinaHTTPConnectorListener} - Error in HTTP server connector: Remote client closed the connection before initiating inbound request  
[2019-01-09 23:29:36,451] ERROR {org.ballerinalang.net.http.HttpUtil} - {ballerina}TypeAssertionError:assertion error: expected 'string[]', found 'json[]'  
[2019-01-09 23:44:49,529] ERROR {org.ballerinalang.net.http.BallerinaHTTPConnectorListener} - Error in HTTP server connector: Remote client closed the connection before initiating inbound request  
[2019-01-09 23:45:02,492] ERROR {org.ballerinalang.net.http.BallerinaHTTPConnectorListener} - Error in HTTP server connector: Remote client closed the connection before initiating outbound response  
[2019-01-09 23:46:01,918] ERROR {org.ballerinalang.net.http.BallerinaHTTPConnectorListener} - Error in HTTP server connector: Remote client closed the connection before initiating inbound request  
[2019-01-09 23:46:17,472] ERROR {org.ballerinalang.net.http.BallerinaHTTPConnectorListener} - Error in HTTP server connector: Remote client closed the connection before initiating outbound response  
[2019-01-10 00:01:20,973] ERROR {org.ballerinalang.net.http.BallerinaHTTPConnectorListener} - Error in HTTP server connector: Remote client closed the connection before initiating inbound request  
[2019-01-10 00:01:25,151] ERROR {org.ballerinalang.net.http.BallerinaHTTPConnectorListener} - Error in HTTP server connector: Remote client closed the connection before initiating outbound response  
[2019-01-10 00:03:25,666] ERROR {org.ballerinalang.net.http.BallerinaHTTPConnectorListener} - Error in HTTP server connector: Remote client closed the connection before initiating inbound request  
[2019-01-10 00:03:58,017] ERROR {org.ballerinalang.net.http.HttpUtil} - {ballerina}TypeAssertionError:assertion error: expected 'json', found '()'  
[2019-01-10 00:06:31,053] ERROR {org.ballerinalang.net.http.BallerinaHTTPConnectorListener} - Error in HTTP server connector: Remote client closed the connection before initiating inbound request  
[2019-01-10 00:06:31,256] ERROR {org.ballerinalang.net.http.HttpUtil} - {ballerina}TypeAssertionError:assertion error: expected 'json', found '()'  
[2019-01-10 00:09:25,986] ERROR {org.ballerinalang.net.http.BallerinaHTTPConnectorListener} - Error in HTTP server connector: Remote client closed the connection before initiating inbound request  
[2019-01-10 00:09:26,183] ERROR {org.ballerinalang.net.http.HttpUtil} - {ballerina}TypeAssertionError:assertion error: expected 'json', found '()'  
[2019-01-10 00:10:52,102] ERROR {org.ballerinalang.net.http.BallerinaHTTPConnectorListener} - Error in HTTP server connector: Remote client closed the connection before initiating inbound request  
[2019-01-10 00:12:28,265] ERROR {org.ballerinalang.net.http.BallerinaHTTPConnectorListener} - Error in HTTP server connector: Remote client closed the connection before initiating inbound request  
[2019-01-10 00:21:34,179] ERROR {org.ballerinalang.net.http.BallerinaHTTPConnectorListener} - Error in HTTP server connector: Remote client closed the connection before initiating inbound request  
[2019-01-10 00:24:06,524] ERROR {org.ballerinalang.net.http.BallerinaHTTPConnectorListener} - Error in HTTP server connector: Remote client closed the connection before initiating inbound request  
[2019-01-10 00:24:12,282] ERROR {org.ballerinalang.net.http.BallerinaHTTPConnectorListener} - Error in HTTP server connector: Remote client closed the connection before initiating outbound response  
[2019-01-10 00:25:38,099] ERROR {org.ballerinalang.net.http.BallerinaHTTPConnectorListener} - Error in HTTP server connector: Remote client closed the connection before initiating inbound request  
[2019-01-10 00:25:43,231] ERROR {org.ballerinalang.net.http.BallerinaHTTPConnectorListener} - Error in HTTP server connector: Remote client closed the connection before initiating outbound response  
[2019-01-10 00:26:26,029] ERROR {org.ballerinalang.net.http.BallerinaHTTPConnectorListener} - Error in HTTP server connector: Remote client closed the connection before initiating inbound request  
[2019-01-10 00:26:28,862] ERROR {org.ballerinalang.net.http.BallerinaHTTPConnectorListener} - Error in HTTP server connector: Remote client closed the connection before initiating outbound response  
[2019-01-10 00:26:43,631] ERROR {org.ballerinalang.net.http.BallerinaHTTPConnectorListener} - Error in HTTP server connector: Remote client closed the connection before initiating inbound request  
[2019-01-10 00:26:47,651] ERROR {org.ballerinalang.net.http.BallerinaHTTPConnectorListener} - Error in HTTP server connector: Remote client closed the connection before initiating outbound response  
[2019-01-10 00:28:09,828] ERROR {org.ballerinalang.net.http.BallerinaHTTPConnectorListener} - Error in HTTP server connector: Remote client closed the connection before initiating inbound request  
[2019-01-10 00:28:12,635] ERROR {org.ballerinalang.net.http.BallerinaHTTPConnectorListener} - Error in HTTP server connector: Remote client closed the connection before initiating outbound response  
[2019-01-10 00:30:08,820] ERROR {org.ballerinalang.net.http.BallerinaHTTPConnectorListener} - Error in HTTP server connector: Remote client closed the connection before initiating inbound request  
[2019-01-10 00:30:12,627] ERROR {org.ballerinalang.net.http.BallerinaHTTPConnectorListener} - Error in HTTP server connector: Remote client closed the connection before initiating outbound response  
[2019-01-10 00:32:15,076] ERROR {org.ballerinalang.net.http.BallerinaHTTPConnectorListener} - Error in HTTP server connector: Remote client closed the connection before initiating inbound request  
